<?xml version="1.0" encoding="UTF-8"?>
<coverage generated="1654591640995" clover="3.2.0">
  <project timestamp="1654591640995" name="All files">
    <metrics statements="8" coveredstatements="8" conditionals="0" coveredconditionals="0" methods="0" coveredmethods="0" elements="8" coveredelements="8" complexity="0" loc="8" ncloc="8" packages="1" files="1" classes="1"/>
    <file name="constants.js" path="/home/danish/work/NowWhere-Contract/test/js/assets/constants.js">
      <metrics statements="8" coveredstatements="8" conditionals="0" coveredconditionals="0" methods="0" coveredmethods="0"/>
      <line num="1" count="2" type="stmt"/>
      <line num="30" count="2" type="stmt"/>
      <line num="38" count="2" type="stmt"/>
      <line num="55" count="2" type="stmt"/>
      <line num="66" count="2" type="stmt"/>
      <line num="67" count="2" type="stmt"/>
      <line num="69" count="2" type="stmt"/>
      <line num="76" count="2" type="stmt"/>
    </file>
  </project>
</coverage>
