{"/home/danish/work/NowWhere-Contract/test/js/assets/constants.js": {"path":"/home/danish/work/NowWhere-Contract/test/js/assets/constants.js","statementMap":{"0":{"start":{"line":1,"column":21},"end":{"line":28,"column":1}},"1":{"start":{"line":30,"column":22},"end":{"line":36,"column":1}},"2":{"start":{"line":38,"column":21},"end":{"line":53,"column":1}},"3":{"start":{"line":55,"column":16},"end":{"line":64,"column":1}},"4":{"start":{"line":66,"column":19},"end":{"line":66,"column":25}},"5":{"start":{"line":67,"column":27},"end":{"line":67,"column":32}},"6":{"start":{"line":69,"column":19},"end":{"line":74,"column":1}},"7":{"start":{"line":76,"column":21},"end":{"line":76,"column":27}}},"fnMap":{},"branchMap":{},"s":{"0":2,"1":2,"2":2,"3":2,"4":2,"5":2,"6":2,"7":2},"f":{},"b":{},"_coverageSchema":"1a1c01bbd47fc00a2c39e90264f33305004495a9","hash":"7313842db5e3785f14a08f9194300f095819dc74"}
}
